{
  "RSpec": {
    "coverage": {
      "/home/luftkluft/rg/banking/refactoring/autoload.rb": [
        1,
        null,
        1,
        1,
        1,
        1,
        1
      ],
      "/home/luftkluft/rg/banking/refactoring/config/i18n.rb": [
        1,
        1,
        1
      ],
      "/home/luftkluft/rg/banking/refactoring/app/modules/in_out.rb": [
        1,
        1,
        183,
        null,
        null,
        1,
        278,
        null,
        9,
        41,
        null,
        null,
        null
      ],
      "/home/luftkluft/rg/banking/refactoring/app/modules/uploader.rb": [
        1,
        null,
        null,
        null,
        null,
        null,
        null,
        null,
        null,
        null,
        null,
        null,
        null,
        null,
        null,
        null,
        null,
        null,
        null,
        1,
        0,
        0,
        null,
        0,
        null,
        null,
        null
      ],
      "/home/luftkluft/rg/banking/refactoring/console.rb": [
        1,
        1,
        1,
        1,
        1,
        58,
        null,
        null,
        1,
        4,
        4,
        4,
        1,
        3,
        1,
        null,
        2,
        null,
        null,
        null,
        null,
        1,
        12,
        22,
        22,
        22,
        22,
        22,
        10,
        12,
        null,
        10,
        null,
        12,
        12,
        null,
        13,
        null,
        null,
        1,
        19,
        37,
        null,
        37,
        37,
        37,
        37,
        37,
        37,
        37,
        37,
        37,
        null,
        37,
        null,
        37,
        36,
        11,
        25,
        1,
        24,
        1,
        23,
        1,
        22,
        1,
        21,
        1,
        20,
        1,
        1,
        19,
        19,
        19,
        null,
        null,
        1,
        null,
        null,
        null,
        null,
        1,
        22,
        22,
        22,
        1,
        null,
        22,
        null,
        null,
        1,
        22,
        22,
        22,
        1,
        null,
        null,
        22,
        2,
        null,
        null,
        22,
        1,
        null,
        null,
        24,
        1,
        null,
        null,
        22,
        null,
        null,
        1,
        22,
        22,
        22,
        1,
        null,
        null,
        22,
        2,
        null,
        null,
        22,
        1,
        null,
        null,
        22,
        null,
        null,
        1,
        22,
        22,
        22,
        20,
        null,
        2,
        null,
        22,
        null,
        null,
        1,
        3,
        3,
        1,
        null,
        2,
        null,
        null,
        null,
        1,
        4,
        5,
        1,
        null,
        null,
        4,
        4,
        4,
        4,
        null,
        8,
        6,
        3,
        3,
        3,
        null,
        1,
        1,
        null,
        null,
        3,
        null,
        null,
        1,
        2,
        null,
        null,
        1,
        5,
        null,
        null,
        1,
        10,
        null,
        null,
        1,
        9,
        null,
        null,
        1,
        14,
        null,
        null,
        1,
        0,
        null,
        null,
        1,
        3,
        3,
        3,
        1,
        1,
        3,
        null,
        2,
        null,
        null,
        2,
        null,
        null,
        null
      ],
      "/home/luftkluft/rg/banking/refactoring/account.rb": [
        1,
        1,
        null,
        1,
        1,
        1,
        1,
        null,
        1,
        58,
        58,
        58,
        58,
        null,
        null,
        null,
        null,
        null,
        null,
        null,
        null,
        null,
        null,
        null,
        null,
        null,
        null,
        null,
        null,
        null,
        null,
        null,
        null,
        null,
        null,
        null,
        null,
        null,
        null,
        null,
        null,
        null,
        null,
        null,
        null,
        null,
        null,
        null,
        null,
        null,
        null,
        null,
        null,
        null,
        null,
        null,
        null,
        null,
        null,
        null,
        null,
        null,
        null,
        null,
        null,
        null,
        null,
        null,
        null,
        null,
        null,
        null,
        null,
        null,
        null,
        null,
        null,
        null,
        null,
        null,
        null,
        null,
        null,
        null,
        null,
        null,
        null,
        null,
        null,
        null,
        null,
        null,
        null,
        null,
        null,
        null,
        null,
        null,
        null,
        null,
        null,
        null,
        null,
        null,
        null,
        null,
        null,
        null,
        null,
        null,
        null,
        null,
        null,
        null,
        null,
        null,
        null,
        null,
        null,
        null,
        null,
        null,
        null,
        null,
        1,
        5,
        5,
        null,
        5,
        5,
        4,
        2,
        null,
        32,
        null,
        null,
        2,
        1,
        null,
        16,
        null,
        null,
        1,
        1,
        null,
        16,
        null,
        null,
        null,
        4,
        4,
        4,
        4,
        3,
        3,
        null,
        0,
        null,
        null,
        7,
        4,
        null,
        1,
        null,
        null,
        null,
        null,
        1,
        10,
        10,
        9,
        9,
        18,
        null,
        null,
        null,
        null,
        9,
        9,
        9,
        4,
        2,
        null,
        2,
        2,
        1,
        1,
        1,
        1,
        1,
        null,
        0,
        null,
        null,
        2,
        1,
        null,
        1,
        null,
        null,
        2,
        null,
        null,
        1,
        1,
        null,
        null,
        null,
        null,
        1,
        2,
        1,
        2,
        null,
        null,
        1,
        null,
        null,
        null,
        1,
        9,
        9,
        9,
        8,
        16,
        null,
        null,
        null,
        8,
        8,
        8,
        8,
        3,
        1,
        1,
        1,
        1,
        1,
        0,
        0,
        0,
        0,
        0,
        0,
        0,
        0,
        null,
        0,
        null,
        null,
        0,
        0,
        0,
        null,
        0,
        0,
        null,
        null,
        1,
        1,
        null,
        null,
        null,
        2,
        2,
        null,
        null,
        null,
        1,
        null,
        null,
        null,
        1,
        14,
        null,
        14,
        13,
        29,
        null,
        null,
        null,
        13,
        13,
        13,
        13,
        8,
        6,
        6,
        6,
        6,
        6,
        4,
        1,
        1,
        null,
        3,
        3,
        3,
        3,
        3,
        3,
        3,
        null,
        0,
        null,
        null,
        6,
        3,
        3,
        null,
        null,
        2,
        2,
        null,
        null,
        null,
        2,
        2,
        null,
        null,
        null,
        1,
        null,
        null,
        null,
        1,
        0,
        0,
        0,
        0,
        null,
        null,
        null,
        0,
        0,
        0,
        0,
        0,
        null,
        0,
        0,
        null,
        null,
        0,
        0,
        null,
        0,
        0,
        0,
        0,
        0,
        0,
        null,
        0,
        0,
        null,
        null,
        0,
        0,
        null,
        null,
        0,
        0,
        0,
        0,
        0,
        0,
        null,
        0,
        0,
        0,
        0,
        null,
        0,
        0,
        0,
        0,
        0,
        0,
        0,
        0,
        0,
        0,
        0,
        0,
        null,
        0,
        null,
        0,
        0,
        null,
        null,
        0,
        0,
        0,
        0,
        null,
        null,
        0,
        null,
        null,
        null,
        null,
        null,
        null,
        null,
        null,
        null,
        null,
        null,
        null,
        null,
        null,
        null,
        null,
        null,
        null,
        null,
        1,
        null,
        null,
        null,
        null,
        null,
        null,
        null,
        null,
        null,
        null,
        null,
        null,
        null,
        null,
        null,
        null,
        null,
        null,
        null,
        null,
        null,
        null,
        null,
        null,
        null,
        null,
        null,
        null,
        null,
        null,
        null,
        null,
        null,
        null,
        null,
        null,
        null,
        null,
        null,
        null,
        null,
        null,
        null,
        null,
        null,
        null,
        null,
        null,
        null,
        null,
        null,
        null,
        null,
        null,
        null,
        null,
        null,
        null,
        null,
        null,
        null,
        null,
        null,
        null,
        null,
        null,
        null,
        null,
        null,
        1,
        0,
        0,
        0,
        0,
        0,
        0,
        null,
        0,
        null,
        null,
        1,
        10,
        3,
        7,
        4,
        3,
        3,
        null,
        0,
        null,
        null,
        1,
        0,
        0,
        0,
        0,
        0,
        0,
        null,
        0,
        null,
        null
      ]
    },
    "timestamp": 1547399000
  }
}
